<?xml version="1.0" encoding="UTF-8"?>
<testsuite name="AccountServiceTest" tests="1" skipped="0" failures="1" errors="0" timestamp="2022-02-15T08:06:12" hostname="LAPTOP-75BR11H8" time="78.886">
  <properties/>
  <testcase name="start" classname="AccountServiceTest" time="78.886">
    <failure message="java.lang.AssertionError: Wrong answer in test #34&#10;&#10;DELETE /api/admin/user/ should respond with status code 403, responded: 404&#10;Api must be available only to admin user&#10;Response body:&#10;{&#13;&#10;  &quot;timestamp&quot; : &quot;2022-02-15T08:07:30.812+00:00&quot;,&#13;&#10;  &quot;status&quot; : 404,&#13;&#10;  &quot;error&quot; : &quot;Not Found&quot;,&#13;&#10;  &quot;message&quot; : &quot;No message available&quot;,&#13;&#10;  &quot;path&quot; : &quot;/api/admin/user/&quot;&#13;&#10;}&#10;&#10;Please find below the output of your program during this failed test.&#10;&#10;---&#10;&#10;.   ____          _            __ _ _&#10; /\\ / ___'_ __ _ _(_)_ __  __ _ \ \ \ \&#10;( ( )\___ | '_ | '_| | '_ \/ _` | \ \ \ \&#10; \\/  ___)| |_)| | | | | || (_| |  ) ) ) )&#10;  '  |____| .__|_| |_|_| |_\__, | / / / /&#10; =========|_|==============|___/=/_/_/_/&#10; :: Spring Boot ::        (v2.3.1.RELEASE)&#10;&#10;2022-02-15 11:06:15.010  INFO 50432 --- [    Test worker] account.AccountServiceApplication        : Starting AccountServiceApplication on LAPTOP-75BR11H8 with PID 50432 (started by 1 in C:\Users\1\IdeaProjects\Account Service\Account Service\task)&#10;2022-02-15 11:06:15.040  INFO 50432 --- [    Test worker] account.AccountServiceApplication        : No active profile set, falling back to default profiles: default&#10;2022-02-15 11:06:19.452  INFO 50432 --- [    Test worker] .s.d.r.c.RepositoryConfigurationDelegate : Bootstrapping Spring Data JPA repositories in DEFERRED mode.&#10;2022-02-15 11:06:19.800  INFO 50432 --- [    Test worker] .s.d.r.c.RepositoryConfigurationDelegate : Finished Spring Data repository scanning in 310ms. Found 3 JPA repository interfaces.&#10;2022-02-15 11:06:22.137  INFO 50432 --- [    Test worker] o.s.b.w.embedded.tomcat.TomcatWebServer  : Tomcat initialized with port(s): 28852 (http)&#10;2022-02-15 11:06:22.175  INFO 50432 --- [    Test worker] o.apache.catalina.core.StandardService   : Starting service [Tomcat]&#10;2022-02-15 11:06:22.176  INFO 50432 --- [    Test worker] org.apache.catalina.core.StandardEngine  : Starting Servlet engine: [Apache Tomcat/9.0.36]&#10;2022-02-15 11:06:22.681  INFO 50432 --- [    Test worker] o.a.c.c.C.[Tomcat].[localhost].[/]       : Initializing Spring embedded WebApplicationContext&#10;2022-02-15 11:06:22.681  INFO 50432 --- [    Test worker] w.s.c.ServletWebServerApplicationContext : Root WebApplicationContext: initialization completed in 7296 ms&#10;2022-02-15 11:06:23.645  INFO 50432 --- [    Test worker] o.s.s.concurrent.ThreadPoolTaskExecutor  : Initializing ExecutorService 'applicationTaskExecutor'&#10;2022-02-15 11:06:23.889  INFO 50432 --- [         task-1] o.hibernate.jpa.internal.util.LogHelper  : HHH000204: Processing PersistenceUnitInfo [name: default]&#10;2022-02-15 11:06:24.203  INFO 50432 --- [         task-1] org.hibernate.Version                    : HHH000412: Hibernate ORM core version 5.4.17.Final&#10;2022-02-15 11:06:24.960  INFO 50432 --- [         task-1] o.hibernate.annotations.common.Version   : HCANN000001: Hibernate Commons Annotations {5.1.0.Final}&#10;2022-02-15 11:06:25.405  INFO 50432 --- [         task-1] com.zaxxer.hikari.HikariDataSource       : HikariPool-1 - Starting...&#10;2022-02-15 11:06:26.062  INFO 50432 --- [         task-1] com.zaxxer.hikari.HikariDataSource       : HikariPool-1 - Start completed.&#10;2022-02-15 11:06:26.228  INFO 50432 --- [         task-1] org.hibernate.dialect.Dialect            : HHH000400: Using dialect: org.hibernate.dialect.H2Dialect&#10;2022-02-15 11:06:29.260  INFO 50432 --- [         task-1] o.h.e.t.j.p.i.JtaPlatformInitiator       : HHH000490: Using JtaPlatform implementation: [org.hibernate.engine.transaction.jta.platform.internal.NoJtaPlatform]&#10;2022-02-15 11:06:29.285  INFO 50432 --- [         task-1] j.LocalContainerEntityManagerFactoryBean : Initialized JPA EntityManagerFactory for persistence unit 'default'&#10;2022-02-15 11:06:30.482  WARN 50432 --- [    Test worker] JpaBaseConfiguration$JpaWebConfiguration : spring.jpa.open-in-view is enabled by default. Therefore, database queries may be performed during view rendering. Explicitly configure spring.jpa.open-in-view to disable this warning&#10;2022-02-15 11:06:32.157  INFO 50432 --- [    Test worker] o.s.b.a.e.web.EndpointLinksResolver      : Exposing 14 endpoint(s) beneath base path '/actuator'&#10;2022-02-15 11:06:32.319  INFO 50432 --- [    Test worker] o.s.s.web.DefaultSecurityFilterChain     : Creating filter chain: any request, [org.springframework.security.web.context.request.async.WebAsyncManagerIntegrationFilter@33489b7c, org.springframework.security.web.context.SecurityContextPersistenceFilter@cfd51c2, org.springframework.security.web.header.HeaderWriterFilter@7196f6a6, org.springframework.security.web.authentication.logout.LogoutFilter@44268280, org.springframework.security.web.authentication.www.BasicAuthenticationFilter@1c695edc, org.springframework.security.web.savedrequest.RequestCacheAwareFilter@1475e127, org.springframework.security.web.servletapi.SecurityContextHolderAwareRequestFilter@4e350eaa, org.springframework.security.web.authentication.AnonymousAuthenticationFilter@4045736, org.springframework.security.web.session.SessionManagementFilter@7d984e35, org.springframework.security.web.access.ExceptionTranslationFilter@3e0ef171, org.springframework.security.web.access.intercept.FilterSecurityInterceptor@13252a17]&#10;2022-02-15 11:06:33.134  INFO 50432 --- [    Test worker] o.s.b.w.embedded.tomcat.TomcatWebServer  : Tomcat started on port(s): 28852 (http) with context path ''&#10;2022-02-15 11:06:33.138  INFO 50432 --- [    Test worker] DeferredRepositoryInitializationListener : Triggering deferred initialization of Spring Data repositories…&#10;2022-02-15 11:06:33.248  INFO 50432 --- [    Test worker] DeferredRepositoryInitializationListener : Spring Data repositories initialized!&#10;2022-02-15 11:06:33.278  INFO 50432 --- [    Test worker] account.AccountServiceApplication        : Started AccountServiceApplication in 19.995 seconds (JVM running for 23.45)&#10;2022-02-15 11:06:34.377  INFO 50432 --- [io-28852-exec-1] o.a.c.c.C.[Tomcat].[localhost].[/]       : Initializing Spring DispatcherServlet 'dispatcherServlet'&#10;2022-02-15 11:06:34.378  INFO 50432 --- [io-28852-exec-1] o.s.web.servlet.DispatcherServlet        : Initializing Servlet 'dispatcherServlet'&#10;2022-02-15 11:06:34.401  INFO 50432 --- [io-28852-exec-1] o.s.web.servlet.DispatcherServlet        : Completed initialization in 22 ms&#10;2022-02-15 11:06:34.800  WARN 50432 --- [io-28852-exec-1] .w.s.m.s.DefaultHandlerExceptionResolver : Resolved [org.springframework.web.bind.MethodArgumentNotValidException: Validation failed for argument [0] in public account.business.entities.dto.UserDTO account.presentation.AuthController.register(account.business.entities.dbentities.User): [Field error in object 'user' on field 'name': rejected value []; codes [NotBlank.user.name,NotBlank.name,NotBlank.java.lang.String,NotBlank]; arguments [org.springframework.context.support.DefaultMessageSourceResolvable: codes [user.name,name]; arguments []; default message [name]]; default message [Name is required]] ]&#10;2022-02-15 11:06:34.910  WARN 50432 --- [io-28852-exec-3] .w.s.m.s.DefaultHandlerExceptionResolver : Resolved [org.springframework.web.bind.MethodArgumentNotValidException: Validation failed for argument [0] in public account.business.entities.dto.UserDTO account.presentation.AuthController.register(account.business.entities.dbentities.User): [Field error in object 'user' on field 'name': rejected value [null]; codes [NotBlank.user.name,NotBlank.name,NotBlank.java.lang.String,NotBlank]; arguments [org.springframework.context.support.DefaultMessageSourceResolvable: codes [user.name,name]; arguments []; default message [name]]; default message [Name is required]] ]&#10;2022-02-15 11:06:34.945  WARN 50432 --- [io-28852-exec-2] .w.s.m.s.DefaultHandlerExceptionResolver : Resolved [org.springframework.web.bind.MethodArgumentNotValidException: Validation failed for argument [0] in public account.business.entities.dto.UserDTO account.presentation.AuthController.register(account.business.entities.dbentities.User): [Field error in object 'user' on field 'lastname': rejected value []; codes [NotBlank.user.lastname,NotBlank.lastname,NotBlank.java.lang.String,NotBlank]; arguments [org.springframework.context.support.DefaultMessageSourceResolvable: codes [user.lastname,lastname]; arguments []; default message [lastname]]; default message [Lastname is required]] ]&#10;2022-02-15 11:06:34.987  WARN 50432 --- [io-28852-exec-5] .w.s.m.s.DefaultHandlerExceptionResolver : Resolved [org.springframework.web.bind.MethodArgumentNotValidException: Validation failed for argument [0] in public account.business.entities.dto.UserDTO account.presentation.AuthController.register(account.business.entities.dbentities.User): [Field error in object 'user' on field 'lastname': rejected value [null]; codes [NotBlank.user.lastname,NotBlank.lastname,NotBlank.java.lang.String,NotBlank]; arguments [org.springframework.context.support.DefaultMessageSourceResolvable: codes [user.lastname,lastname]; arguments []; default message [lastname]]; default message [Lastname is required]] ]&#10;2022-02-15 11:06:35.027  WARN 50432 --- [io-28852-exec-4] .w.s.m.s.DefaultHandlerExceptionResolver : Resolved [org.springframework.web.bind.MethodArgumentNotValidException: Validation failed for argument [0] in public account.business.entities.dto.UserDTO account.presentation.AuthController.register(account.business.entities.dbentities.User) with 2 errors: [Field error in object 'user' on field 'email': rejected value []; codes [Pattern.user.email,Pattern.email,Pattern.java.lang.String,Pattern]; arguments [org.springframework.context.support.DefaultMessageSourceResolvable: codes [user.email,email]; arguments []; default message [email],[Ljavax.validation.constraints.Pattern$Flag;@275f0c2c,[a-zA-z0-9]+@acme\.com]; default message [Domain should be @acme.com]] [Field error in object 'user' on field 'email': rejected value []; codes [NotBlank.user.email,NotBlank.email,NotBlank.java.lang.String,NotBlank]; arguments [org.springframework.context.support.DefaultMessageSourceResolvable: codes [user.email,email]; arguments []; default message [email]]; default message [Email is required]] ]&#10;2022-02-15 11:06:35.060  WARN 50432 --- [io-28852-exec-6] .w.s.m.s.DefaultHandlerExceptionResolver : Resolved [org.springframework.web.bind.MethodArgumentNotValidException: Validation failed for argument [0] in public account.business.entities.dto.UserDTO account.presentation.AuthController.register(account.business.entities.dbentities.User): [Field error in object 'user' on field 'email': rejected value [null]; codes [NotBlank.user.email,NotBlank.email,NotBlank.java.lang.String,NotBlank]; arguments [org.springframework.context.support.DefaultMessageSourceResolvable: codes [user.email,email]; arguments []; default message [email]]; default message [Email is required]] ]&#10;2022-02-15 11:06:35.094  WARN 50432 --- [io-28852-exec-7] .w.s.m.s.DefaultHandlerExceptionResolver : Resolved [org.springframework.web.bind.MethodArgumentNotValidException: Validation failed for argument [0] in public account.business.entities.dto.UserDTO account.presentation.AuthController.register(account.business.entities.dbentities.User): [Field error in object 'user' on field 'password': rejected value []; codes [NotBlank.user.password,NotBlank.password,NotBlank.java.lang.String,NotBlank]; arguments [org.springframework.context.support.DefaultMessageSourceResolvable: codes [user.password,password]; arguments []; default message [password]]; default message [Password is required]] ]&#10;2022-02-15 11:06:35.127  WARN 50432 --- [io-28852-exec-8] .w.s.m.s.DefaultHandlerExceptionResolver : Resolved [org.springframework.web.bind.MethodArgumentNotValidException: Validation failed for argument [0] in public account.business.entities.dto.UserDTO account.presentation.AuthController.register(account.business.entities.dbentities.User): [Field error in object 'user' on field 'password': rejected value [null]; codes [NotBlank.user.password,NotBlank.password,NotBlank.java.lang.String,NotBlank]; arguments [org.springframework.context.support.DefaultMessageSourceResolvable: codes [user.password,password]; arguments []; default message [password]]; default message [Password is required]] ]&#10;2022-02-15 11:06:35.205  WARN 50432 --- [io-28852-exec-9] .w.s.m.s.DefaultHandlerExceptionResolver : Resolved [org.springframework.web.bind.MethodArgumentNotValidException: Validation failed for argument [0] in public account.business.entities.dto.UserDTO account.presentation.AuthController.register(account.business.entities.dbentities.User) with 2 errors: [Field error in object 'user' on field 'email': rejected value [johndoeacme.com]; codes [Pattern.user.email,Pattern.email,Pattern.java.lang.String,Pattern]; arguments [org.springframework.context.support.DefaultMessageSourceResolvable: codes [user.email,email]; arguments []; default message [email],[Ljavax.validation.constraints.Pattern$Flag;@275f0c2c,[a-zA-z0-9]+@acme\.com]; default message [Domain should be @acme.com]] [Field error in object 'user' on field 'email': rejected value [johndoeacme.com]; codes [Email.user.email,Email.email,Email.java.lang.String,Email]; arguments [org.springframework.context.support.DefaultMessageSourceResolvable: codes [user.email,email]; arguments []; default message [email],[Ljavax.validation.constraints.Pattern$Flag;@27b22c70,.*]; default message [must be a well-formed email address]] ]&#10;2022-02-15 11:06:35.238  WARN 50432 --- [o-28852-exec-10] .w.s.m.s.DefaultHandlerExceptionResolver : Resolved [org.springframework.web.bind.MethodArgumentNotValidException: Validation failed for argument [0] in public account.business.entities.dto.UserDTO account.presentation.AuthController.register(account.business.entities.dbentities.User): [Field error in object 'user' on field 'email': rejected value [johndoe@google.com]; codes [Pattern.user.email,Pattern.email,Pattern.java.lang.String,Pattern]; arguments [org.springframework.context.support.DefaultMessageSourceResolvable: codes [user.email,email]; arguments []; default message [email],[Ljavax.validation.constraints.Pattern$Flag;@275f0c2c,[a-zA-z0-9]+@acme\.com]; default message [Domain should be @acme.com]] ]&#10;2022-02-15 11:07:23.708  INFO 50432 --- [     Thread-335] j.LocalContainerEntityManagerFactoryBean : Closing JPA EntityManagerFactory for persistence unit 'default'&#10;2022-02-15 11:07:23.713  INFO 50432 --- [     Thread-335] o.s.s.concurrent.ThreadPoolTaskExecutor  : Shutting down ExecutorService 'applicationTaskExecutor'&#10;2022-02-15 11:07:23.715  INFO 50432 --- [     Thread-335] com.zaxxer.hikari.HikariDataSource       : HikariPool-1 - Shutdown initiated...&#10;2022-02-15 11:07:24.017  INFO 50432 --- [     Thread-335] com.zaxxer.hikari.HikariDataSource       : HikariPool-1 - Shutdown completed.&#10;&#10;  .   ____          _            __ _ _&#10; /\\ / ___'_ __ _ _(_)_ __  __ _ \ \ \ \&#10;( ( )\___ | '_ | '_| | '_ \/ _` | \ \ \ \&#10; \\/  ___)| |_)| | | | | || (_| |  ) ) ) )&#10;  '  |____| .__|_| |_|_| |_\__, | / / / /&#10; =========|_|==============|___/=/_/_/_/&#10; :: Spring Boot ::        (v2.3.1.RELEASE)&#10;&#10;2022-02-15 11:07:24.180  INFO 50432 --- [    Test worker] account.AccountServiceApplication        : Starting AccountServiceApplication on LAPTOP-75BR11H8 with PID 50432 (started by 1 in C:\Users\1\IdeaProjects\Account Service\Account Service\task)&#10;2022-02-15 11:07:24.182  INFO 50432 --- [    Test worker] account.AccountServiceApplication        : No active profile set, falling back to default profiles: default&#10;2022-02-15 11:07:25.426  INFO 50432 --- [    Test worker] .s.d.r.c.RepositoryConfigurationDelegate : Bootstrapping Spring Data JPA repositories in DEFERRED mode.&#10;2022-02-15 11:07:25.516  INFO 50432 --- [    Test worker] .s.d.r.c.RepositoryConfigurationDelegate : Finished Spring Data repository scanning in 88ms. Found 3 JPA repository interfaces.&#10;2022-02-15 11:07:25.859  INFO 50432 --- [    Test worker] o.s.b.w.embedded.tomcat.TomcatWebServer  : Tomcat initialized with port(s): 28852 (http)&#10;2022-02-15 11:07:25.862  INFO 50432 --- [    Test worker] o.apache.catalina.core.StandardService   : Starting service [Tomcat]&#10;2022-02-15 11:07:25.865  INFO 50432 --- [    Test worker] org.apache.catalina.core.StandardEngine  : Starting Servlet engine: [Apache Tomcat/9.0.36]&#10;2022-02-15 11:07:25.986  INFO 50432 --- [    Test worker] o.a.c.c.C.[Tomcat].[localhost].[/]       : Initializing Spring embedded WebApplicationContext&#10;2022-02-15 11:07:25.986  INFO 50432 --- [    Test worker] w.s.c.ServletWebServerApplicationContext : Root WebApplicationContext: initialization completed in 1795 ms&#10;2022-02-15 11:07:26.209  INFO 50432 --- [    Test worker] o.s.s.concurrent.ThreadPoolTaskExecutor  : Initializing ExecutorService 'applicationTaskExecutor'&#10;2022-02-15 11:07:26.243  INFO 50432 --- [         task-1] o.hibernate.jpa.internal.util.LogHelper  : HHH000204: Processing PersistenceUnitInfo [name: default]&#10;2022-02-15 11:07:26.276  INFO 50432 --- [         task-1] com.zaxxer.hikari.HikariDataSource       : HikariPool-2 - Starting...&#10;2022-02-15 11:07:26.315  INFO 50432 --- [         task-1] com.zaxxer.hikari.HikariDataSource       : HikariPool-2 - Start completed.&#10;2022-02-15 11:07:26.316  INFO 50432 --- [         task-1] org.hibernate.dialect.Dialect            : HHH000400: Using dialect: org.hibernate.dialect.H2Dialect&#10;2022-02-15 11:07:26.802  INFO 50432 --- [         task-1] o.h.e.t.j.p.i.JtaPlatformInitiator       : HHH000490: Using JtaPlatform implementation: [org.hibernate.engine.transaction.jta.platform.internal.NoJtaPlatform]&#10;2022-02-15 11:07:26.804  INFO 50432 --- [         task-1] j.LocalContainerEntityManagerFactoryBean : Initialized JPA EntityManagerFactory for persistence unit 'default'&#10;2022-02-15 11:07:26.887  WARN 50432 --- [    Test worker] o.h.engine.jdbc.spi.SqlExceptionHelper   : SQL Error: 23505, SQLState: 23505&#10;2022-02-15 11:07:26.888 ERROR 50432 --- [    Test worker] o.h.engine.jdbc.spi.SqlExceptionHelper   : Unique index or primary key violation: &quot;PUBLIC.UK_5978CXF729TP2L1WEDSNJY7CC_INDEX_4 ON PUBLIC.PRINCIPLE_GROUPS(NAME) VALUES 1&quot;; SQL statement:&#10;insert into principle_groups (name, id) values (?, ?) [23505-200]&#10;2022-02-15 11:07:26.981  WARN 50432 --- [    Test worker] JpaBaseConfiguration$JpaWebConfiguration : spring.jpa.open-in-view is enabled by default. Therefore, database queries may be performed during view rendering. Explicitly configure spring.jpa.open-in-view to disable this warning&#10;2022-02-15 11:07:27.337  INFO 50432 --- [    Test worker] o.s.b.a.e.web.EndpointLinksResolver      : Exposing 14 endpoint(s) beneath base path '/actuator'&#10;2022-02-15 11:07:27.366  INFO 50432 --- [    Test worker] o.s.s.web.DefaultSecurityFilterChain     : Creating filter chain: any request, [org.springframework.security.web.context.request.async.WebAsyncManagerIntegrationFilter@6b7d4a77, org.springframework.security.web.context.SecurityContextPersistenceFilter@7b80c131, org.springframework.security.web.header.HeaderWriterFilter@30535464, org.springframework.security.web.authentication.logout.LogoutFilter@6cfdd2f0, org.springframework.security.web.authentication.www.BasicAuthenticationFilter@29d1e820, org.springframework.security.web.savedrequest.RequestCacheAwareFilter@bd9d611, org.springframework.security.web.servletapi.SecurityContextHolderAwareRequestFilter@2183437a, org.springframework.security.web.authentication.AnonymousAuthenticationFilter@169c7d86, org.springframework.security.web.session.SessionManagementFilter@24529d0e, org.springframework.security.web.access.ExceptionTranslationFilter@4566b9e1, org.springframework.security.web.access.intercept.FilterSecurityInterceptor@5226188b]&#10;2022-02-15 11:07:27.546  INFO 50432 --- [    Test worker] o.s.b.w.embedded.tomcat.TomcatWebServer  : Tomcat started on port(s): 28852 (http) with context path ''&#10;2022-02-15 11:07:27.549  INFO 50432 --- [    Test worker] DeferredRepositoryInitializationListener : Triggering deferred initialization of Spring Data repositories…&#10;2022-02-15 11:07:27.612  INFO 50432 --- [    Test worker] DeferredRepositoryInitializationListener : Spring Data repositories initialized!&#10;2022-02-15 11:07:27.626  INFO 50432 --- [    Test worker] account.AccountServiceApplication        : Started AccountServiceApplication in 3.552 seconds (JVM running for 77.797)&#10;2022-02-15 11:07:27.639  INFO 50432 --- [io-28852-exec-1] o.a.c.c.C.[Tomcat].[localhost].[/]       : Initializing Spring DispatcherServlet 'dispatcherServlet'&#10;2022-02-15 11:07:27.640  INFO 50432 --- [io-28852-exec-1] o.s.web.servlet.DispatcherServlet        : Initializing Servlet 'dispatcherServlet'&#10;2022-02-15 11:07:27.646  INFO 50432 --- [io-28852-exec-1] o.s.web.servlet.DispatcherServlet        : Completed initialization in 6 ms" type="java.lang.AssertionError">java.lang.AssertionError: Wrong answer in test #34

DELETE /api/admin/user/ should respond with status code 403, responded: 404
Api must be available only to admin user
Response body:
{
  &quot;timestamp&quot; : &quot;2022-02-15T08:07:30.812+00:00&quot;,
  &quot;status&quot; : 404,
  &quot;error&quot; : &quot;Not Found&quot;,
  &quot;message&quot; : &quot;No message available&quot;,
  &quot;path&quot; : &quot;/api/admin/user/&quot;
}

Please find below the output of your program during this failed test.

---

.   ____          _            __ _ _
 /\\ / ___'_ __ _ _(_)_ __  __ _ \ \ \ \
( ( )\___ | '_ | '_| | '_ \/ _` | \ \ \ \
 \\/  ___)| |_)| | | | | || (_| |  ) ) ) )
  '  |____| .__|_| |_|_| |_\__, | / / / /
 =========|_|==============|___/=/_/_/_/
 :: Spring Boot ::        (v2.3.1.RELEASE)

2022-02-15 11:06:15.010  INFO 50432 --- [    Test worker] account.AccountServiceApplication        : Starting AccountServiceApplication on LAPTOP-75BR11H8 with PID 50432 (started by 1 in C:\Users\1\IdeaProjects\Account Service\Account Service\task)
2022-02-15 11:06:15.040  INFO 50432 --- [    Test worker] account.AccountServiceApplication        : No active profile set, falling back to default profiles: default
2022-02-15 11:06:19.452  INFO 50432 --- [    Test worker] .s.d.r.c.RepositoryConfigurationDelegate : Bootstrapping Spring Data JPA repositories in DEFERRED mode.
2022-02-15 11:06:19.800  INFO 50432 --- [    Test worker] .s.d.r.c.RepositoryConfigurationDelegate : Finished Spring Data repository scanning in 310ms. Found 3 JPA repository interfaces.
2022-02-15 11:06:22.137  INFO 50432 --- [    Test worker] o.s.b.w.embedded.tomcat.TomcatWebServer  : Tomcat initialized with port(s): 28852 (http)
2022-02-15 11:06:22.175  INFO 50432 --- [    Test worker] o.apache.catalina.core.StandardService   : Starting service [Tomcat]
2022-02-15 11:06:22.176  INFO 50432 --- [    Test worker] org.apache.catalina.core.StandardEngine  : Starting Servlet engine: [Apache Tomcat/9.0.36]
2022-02-15 11:06:22.681  INFO 50432 --- [    Test worker] o.a.c.c.C.[Tomcat].[localhost].[/]       : Initializing Spring embedded WebApplicationContext
2022-02-15 11:06:22.681  INFO 50432 --- [    Test worker] w.s.c.ServletWebServerApplicationContext : Root WebApplicationContext: initialization completed in 7296 ms
2022-02-15 11:06:23.645  INFO 50432 --- [    Test worker] o.s.s.concurrent.ThreadPoolTaskExecutor  : Initializing ExecutorService 'applicationTaskExecutor'
2022-02-15 11:06:23.889  INFO 50432 --- [         task-1] o.hibernate.jpa.internal.util.LogHelper  : HHH000204: Processing PersistenceUnitInfo [name: default]
2022-02-15 11:06:24.203  INFO 50432 --- [         task-1] org.hibernate.Version                    : HHH000412: Hibernate ORM core version 5.4.17.Final
2022-02-15 11:06:24.960  INFO 50432 --- [         task-1] o.hibernate.annotations.common.Version   : HCANN000001: Hibernate Commons Annotations {5.1.0.Final}
2022-02-15 11:06:25.405  INFO 50432 --- [         task-1] com.zaxxer.hikari.HikariDataSource       : HikariPool-1 - Starting...
2022-02-15 11:06:26.062  INFO 50432 --- [         task-1] com.zaxxer.hikari.HikariDataSource       : HikariPool-1 - Start completed.
2022-02-15 11:06:26.228  INFO 50432 --- [         task-1] org.hibernate.dialect.Dialect            : HHH000400: Using dialect: org.hibernate.dialect.H2Dialect
2022-02-15 11:06:29.260  INFO 50432 --- [         task-1] o.h.e.t.j.p.i.JtaPlatformInitiator       : HHH000490: Using JtaPlatform implementation: [org.hibernate.engine.transaction.jta.platform.internal.NoJtaPlatform]
2022-02-15 11:06:29.285  INFO 50432 --- [         task-1] j.LocalContainerEntityManagerFactoryBean : Initialized JPA EntityManagerFactory for persistence unit 'default'
2022-02-15 11:06:30.482  WARN 50432 --- [    Test worker] JpaBaseConfiguration$JpaWebConfiguration : spring.jpa.open-in-view is enabled by default. Therefore, database queries may be performed during view rendering. Explicitly configure spring.jpa.open-in-view to disable this warning
2022-02-15 11:06:32.157  INFO 50432 --- [    Test worker] o.s.b.a.e.web.EndpointLinksResolver      : Exposing 14 endpoint(s) beneath base path '/actuator'
2022-02-15 11:06:32.319  INFO 50432 --- [    Test worker] o.s.s.web.DefaultSecurityFilterChain     : Creating filter chain: any request, [org.springframework.security.web.context.request.async.WebAsyncManagerIntegrationFilter@33489b7c, org.springframework.security.web.context.SecurityContextPersistenceFilter@cfd51c2, org.springframework.security.web.header.HeaderWriterFilter@7196f6a6, org.springframework.security.web.authentication.logout.LogoutFilter@44268280, org.springframework.security.web.authentication.www.BasicAuthenticationFilter@1c695edc, org.springframework.security.web.savedrequest.RequestCacheAwareFilter@1475e127, org.springframework.security.web.servletapi.SecurityContextHolderAwareRequestFilter@4e350eaa, org.springframework.security.web.authentication.AnonymousAuthenticationFilter@4045736, org.springframework.security.web.session.SessionManagementFilter@7d984e35, org.springframework.security.web.access.ExceptionTranslationFilter@3e0ef171, org.springframework.security.web.access.intercept.FilterSecurityInterceptor@13252a17]
2022-02-15 11:06:33.134  INFO 50432 --- [    Test worker] o.s.b.w.embedded.tomcat.TomcatWebServer  : Tomcat started on port(s): 28852 (http) with context path ''
2022-02-15 11:06:33.138  INFO 50432 --- [    Test worker] DeferredRepositoryInitializationListener : Triggering deferred initialization of Spring Data repositories…
2022-02-15 11:06:33.248  INFO 50432 --- [    Test worker] DeferredRepositoryInitializationListener : Spring Data repositories initialized!
2022-02-15 11:06:33.278  INFO 50432 --- [    Test worker] account.AccountServiceApplication        : Started AccountServiceApplication in 19.995 seconds (JVM running for 23.45)
2022-02-15 11:06:34.377  INFO 50432 --- [io-28852-exec-1] o.a.c.c.C.[Tomcat].[localhost].[/]       : Initializing Spring DispatcherServlet 'dispatcherServlet'
2022-02-15 11:06:34.378  INFO 50432 --- [io-28852-exec-1] o.s.web.servlet.DispatcherServlet        : Initializing Servlet 'dispatcherServlet'
2022-02-15 11:06:34.401  INFO 50432 --- [io-28852-exec-1] o.s.web.servlet.DispatcherServlet        : Completed initialization in 22 ms
2022-02-15 11:06:34.800  WARN 50432 --- [io-28852-exec-1] .w.s.m.s.DefaultHandlerExceptionResolver : Resolved [org.springframework.web.bind.MethodArgumentNotValidException: Validation failed for argument [0] in public account.business.entities.dto.UserDTO account.presentation.AuthController.register(account.business.entities.dbentities.User): [Field error in object 'user' on field 'name': rejected value []; codes [NotBlank.user.name,NotBlank.name,NotBlank.java.lang.String,NotBlank]; arguments [org.springframework.context.support.DefaultMessageSourceResolvable: codes [user.name,name]; arguments []; default message [name]]; default message [Name is required]] ]
2022-02-15 11:06:34.910  WARN 50432 --- [io-28852-exec-3] .w.s.m.s.DefaultHandlerExceptionResolver : Resolved [org.springframework.web.bind.MethodArgumentNotValidException: Validation failed for argument [0] in public account.business.entities.dto.UserDTO account.presentation.AuthController.register(account.business.entities.dbentities.User): [Field error in object 'user' on field 'name': rejected value [null]; codes [NotBlank.user.name,NotBlank.name,NotBlank.java.lang.String,NotBlank]; arguments [org.springframework.context.support.DefaultMessageSourceResolvable: codes [user.name,name]; arguments []; default message [name]]; default message [Name is required]] ]
2022-02-15 11:06:34.945  WARN 50432 --- [io-28852-exec-2] .w.s.m.s.DefaultHandlerExceptionResolver : Resolved [org.springframework.web.bind.MethodArgumentNotValidException: Validation failed for argument [0] in public account.business.entities.dto.UserDTO account.presentation.AuthController.register(account.business.entities.dbentities.User): [Field error in object 'user' on field 'lastname': rejected value []; codes [NotBlank.user.lastname,NotBlank.lastname,NotBlank.java.lang.String,NotBlank]; arguments [org.springframework.context.support.DefaultMessageSourceResolvable: codes [user.lastname,lastname]; arguments []; default message [lastname]]; default message [Lastname is required]] ]
2022-02-15 11:06:34.987  WARN 50432 --- [io-28852-exec-5] .w.s.m.s.DefaultHandlerExceptionResolver : Resolved [org.springframework.web.bind.MethodArgumentNotValidException: Validation failed for argument [0] in public account.business.entities.dto.UserDTO account.presentation.AuthController.register(account.business.entities.dbentities.User): [Field error in object 'user' on field 'lastname': rejected value [null]; codes [NotBlank.user.lastname,NotBlank.lastname,NotBlank.java.lang.String,NotBlank]; arguments [org.springframework.context.support.DefaultMessageSourceResolvable: codes [user.lastname,lastname]; arguments []; default message [lastname]]; default message [Lastname is required]] ]
2022-02-15 11:06:35.027  WARN 50432 --- [io-28852-exec-4] .w.s.m.s.DefaultHandlerExceptionResolver : Resolved [org.springframework.web.bind.MethodArgumentNotValidException: Validation failed for argument [0] in public account.business.entities.dto.UserDTO account.presentation.AuthController.register(account.business.entities.dbentities.User) with 2 errors: [Field error in object 'user' on field 'email': rejected value []; codes [Pattern.user.email,Pattern.email,Pattern.java.lang.String,Pattern]; arguments [org.springframework.context.support.DefaultMessageSourceResolvable: codes [user.email,email]; arguments []; default message [email],[Ljavax.validation.constraints.Pattern$Flag;@275f0c2c,[a-zA-z0-9]+@acme\.com]; default message [Domain should be @acme.com]] [Field error in object 'user' on field 'email': rejected value []; codes [NotBlank.user.email,NotBlank.email,NotBlank.java.lang.String,NotBlank]; arguments [org.springframework.context.support.DefaultMessageSourceResolvable: codes [user.email,email]; arguments []; default message [email]]; default message [Email is required]] ]
2022-02-15 11:06:35.060  WARN 50432 --- [io-28852-exec-6] .w.s.m.s.DefaultHandlerExceptionResolver : Resolved [org.springframework.web.bind.MethodArgumentNotValidException: Validation failed for argument [0] in public account.business.entities.dto.UserDTO account.presentation.AuthController.register(account.business.entities.dbentities.User): [Field error in object 'user' on field 'email': rejected value [null]; codes [NotBlank.user.email,NotBlank.email,NotBlank.java.lang.String,NotBlank]; arguments [org.springframework.context.support.DefaultMessageSourceResolvable: codes [user.email,email]; arguments []; default message [email]]; default message [Email is required]] ]
2022-02-15 11:06:35.094  WARN 50432 --- [io-28852-exec-7] .w.s.m.s.DefaultHandlerExceptionResolver : Resolved [org.springframework.web.bind.MethodArgumentNotValidException: Validation failed for argument [0] in public account.business.entities.dto.UserDTO account.presentation.AuthController.register(account.business.entities.dbentities.User): [Field error in object 'user' on field 'password': rejected value []; codes [NotBlank.user.password,NotBlank.password,NotBlank.java.lang.String,NotBlank]; arguments [org.springframework.context.support.DefaultMessageSourceResolvable: codes [user.password,password]; arguments []; default message [password]]; default message [Password is required]] ]
2022-02-15 11:06:35.127  WARN 50432 --- [io-28852-exec-8] .w.s.m.s.DefaultHandlerExceptionResolver : Resolved [org.springframework.web.bind.MethodArgumentNotValidException: Validation failed for argument [0] in public account.business.entities.dto.UserDTO account.presentation.AuthController.register(account.business.entities.dbentities.User): [Field error in object 'user' on field 'password': rejected value [null]; codes [NotBlank.user.password,NotBlank.password,NotBlank.java.lang.String,NotBlank]; arguments [org.springframework.context.support.DefaultMessageSourceResolvable: codes [user.password,password]; arguments []; default message [password]]; default message [Password is required]] ]
2022-02-15 11:06:35.205  WARN 50432 --- [io-28852-exec-9] .w.s.m.s.DefaultHandlerExceptionResolver : Resolved [org.springframework.web.bind.MethodArgumentNotValidException: Validation failed for argument [0] in public account.business.entities.dto.UserDTO account.presentation.AuthController.register(account.business.entities.dbentities.User) with 2 errors: [Field error in object 'user' on field 'email': rejected value [johndoeacme.com]; codes [Pattern.user.email,Pattern.email,Pattern.java.lang.String,Pattern]; arguments [org.springframework.context.support.DefaultMessageSourceResolvable: codes [user.email,email]; arguments []; default message [email],[Ljavax.validation.constraints.Pattern$Flag;@275f0c2c,[a-zA-z0-9]+@acme\.com]; default message [Domain should be @acme.com]] [Field error in object 'user' on field 'email': rejected value [johndoeacme.com]; codes [Email.user.email,Email.email,Email.java.lang.String,Email]; arguments [org.springframework.context.support.DefaultMessageSourceResolvable: codes [user.email,email]; arguments []; default message [email],[Ljavax.validation.constraints.Pattern$Flag;@27b22c70,.*]; default message [must be a well-formed email address]] ]
2022-02-15 11:06:35.238  WARN 50432 --- [o-28852-exec-10] .w.s.m.s.DefaultHandlerExceptionResolver : Resolved [org.springframework.web.bind.MethodArgumentNotValidException: Validation failed for argument [0] in public account.business.entities.dto.UserDTO account.presentation.AuthController.register(account.business.entities.dbentities.User): [Field error in object 'user' on field 'email': rejected value [johndoe@google.com]; codes [Pattern.user.email,Pattern.email,Pattern.java.lang.String,Pattern]; arguments [org.springframework.context.support.DefaultMessageSourceResolvable: codes [user.email,email]; arguments []; default message [email],[Ljavax.validation.constraints.Pattern$Flag;@275f0c2c,[a-zA-z0-9]+@acme\.com]; default message [Domain should be @acme.com]] ]
2022-02-15 11:07:23.708  INFO 50432 --- [     Thread-335] j.LocalContainerEntityManagerFactoryBean : Closing JPA EntityManagerFactory for persistence unit 'default'
2022-02-15 11:07:23.713  INFO 50432 --- [     Thread-335] o.s.s.concurrent.ThreadPoolTaskExecutor  : Shutting down ExecutorService 'applicationTaskExecutor'
2022-02-15 11:07:23.715  INFO 50432 --- [     Thread-335] com.zaxxer.hikari.HikariDataSource       : HikariPool-1 - Shutdown initiated...
2022-02-15 11:07:24.017  INFO 50432 --- [     Thread-335] com.zaxxer.hikari.HikariDataSource       : HikariPool-1 - Shutdown completed.

  .   ____          _            __ _ _
 /\\ / ___'_ __ _ _(_)_ __  __ _ \ \ \ \
( ( )\___ | '_ | '_| | '_ \/ _` | \ \ \ \
 \\/  ___)| |_)| | | | | || (_| |  ) ) ) )
  '  |____| .__|_| |_|_| |_\__, | / / / /
 =========|_|==============|___/=/_/_/_/
 :: Spring Boot ::        (v2.3.1.RELEASE)

2022-02-15 11:07:24.180  INFO 50432 --- [    Test worker] account.AccountServiceApplication        : Starting AccountServiceApplication on LAPTOP-75BR11H8 with PID 50432 (started by 1 in C:\Users\1\IdeaProjects\Account Service\Account Service\task)
2022-02-15 11:07:24.182  INFO 50432 --- [    Test worker] account.AccountServiceApplication        : No active profile set, falling back to default profiles: default
2022-02-15 11:07:25.426  INFO 50432 --- [    Test worker] .s.d.r.c.RepositoryConfigurationDelegate : Bootstrapping Spring Data JPA repositories in DEFERRED mode.
2022-02-15 11:07:25.516  INFO 50432 --- [    Test worker] .s.d.r.c.RepositoryConfigurationDelegate : Finished Spring Data repository scanning in 88ms. Found 3 JPA repository interfaces.
2022-02-15 11:07:25.859  INFO 50432 --- [    Test worker] o.s.b.w.embedded.tomcat.TomcatWebServer  : Tomcat initialized with port(s): 28852 (http)
2022-02-15 11:07:25.862  INFO 50432 --- [    Test worker] o.apache.catalina.core.StandardService   : Starting service [Tomcat]
2022-02-15 11:07:25.865  INFO 50432 --- [    Test worker] org.apache.catalina.core.StandardEngine  : Starting Servlet engine: [Apache Tomcat/9.0.36]
2022-02-15 11:07:25.986  INFO 50432 --- [    Test worker] o.a.c.c.C.[Tomcat].[localhost].[/]       : Initializing Spring embedded WebApplicationContext
2022-02-15 11:07:25.986  INFO 50432 --- [    Test worker] w.s.c.ServletWebServerApplicationContext : Root WebApplicationContext: initialization completed in 1795 ms
2022-02-15 11:07:26.209  INFO 50432 --- [    Test worker] o.s.s.concurrent.ThreadPoolTaskExecutor  : Initializing ExecutorService 'applicationTaskExecutor'
2022-02-15 11:07:26.243  INFO 50432 --- [         task-1] o.hibernate.jpa.internal.util.LogHelper  : HHH000204: Processing PersistenceUnitInfo [name: default]
2022-02-15 11:07:26.276  INFO 50432 --- [         task-1] com.zaxxer.hikari.HikariDataSource       : HikariPool-2 - Starting...
2022-02-15 11:07:26.315  INFO 50432 --- [         task-1] com.zaxxer.hikari.HikariDataSource       : HikariPool-2 - Start completed.
2022-02-15 11:07:26.316  INFO 50432 --- [         task-1] org.hibernate.dialect.Dialect            : HHH000400: Using dialect: org.hibernate.dialect.H2Dialect
2022-02-15 11:07:26.802  INFO 50432 --- [         task-1] o.h.e.t.j.p.i.JtaPlatformInitiator       : HHH000490: Using JtaPlatform implementation: [org.hibernate.engine.transaction.jta.platform.internal.NoJtaPlatform]
2022-02-15 11:07:26.804  INFO 50432 --- [         task-1] j.LocalContainerEntityManagerFactoryBean : Initialized JPA EntityManagerFactory for persistence unit 'default'
2022-02-15 11:07:26.887  WARN 50432 --- [    Test worker] o.h.engine.jdbc.spi.SqlExceptionHelper   : SQL Error: 23505, SQLState: 23505
2022-02-15 11:07:26.888 ERROR 50432 --- [    Test worker] o.h.engine.jdbc.spi.SqlExceptionHelper   : Unique index or primary key violation: &quot;PUBLIC.UK_5978CXF729TP2L1WEDSNJY7CC_INDEX_4 ON PUBLIC.PRINCIPLE_GROUPS(NAME) VALUES 1&quot;; SQL statement:
insert into principle_groups (name, id) values (?, ?) [23505-200]
2022-02-15 11:07:26.981  WARN 50432 --- [    Test worker] JpaBaseConfiguration$JpaWebConfiguration : spring.jpa.open-in-view is enabled by default. Therefore, database queries may be performed during view rendering. Explicitly configure spring.jpa.open-in-view to disable this warning
2022-02-15 11:07:27.337  INFO 50432 --- [    Test worker] o.s.b.a.e.web.EndpointLinksResolver      : Exposing 14 endpoint(s) beneath base path '/actuator'
2022-02-15 11:07:27.366  INFO 50432 --- [    Test worker] o.s.s.web.DefaultSecurityFilterChain     : Creating filter chain: any request, [org.springframework.security.web.context.request.async.WebAsyncManagerIntegrationFilter@6b7d4a77, org.springframework.security.web.context.SecurityContextPersistenceFilter@7b80c131, org.springframework.security.web.header.HeaderWriterFilter@30535464, org.springframework.security.web.authentication.logout.LogoutFilter@6cfdd2f0, org.springframework.security.web.authentication.www.BasicAuthenticationFilter@29d1e820, org.springframework.security.web.savedrequest.RequestCacheAwareFilter@bd9d611, org.springframework.security.web.servletapi.SecurityContextHolderAwareRequestFilter@2183437a, org.springframework.security.web.authentication.AnonymousAuthenticationFilter@169c7d86, org.springframework.security.web.session.SessionManagementFilter@24529d0e, org.springframework.security.web.access.ExceptionTranslationFilter@4566b9e1, org.springframework.security.web.access.intercept.FilterSecurityInterceptor@5226188b]
2022-02-15 11:07:27.546  INFO 50432 --- [    Test worker] o.s.b.w.embedded.tomcat.TomcatWebServer  : Tomcat started on port(s): 28852 (http) with context path ''
2022-02-15 11:07:27.549  INFO 50432 --- [    Test worker] DeferredRepositoryInitializationListener : Triggering deferred initialization of Spring Data repositories…
2022-02-15 11:07:27.612  INFO 50432 --- [    Test worker] DeferredRepositoryInitializationListener : Spring Data repositories initialized!
2022-02-15 11:07:27.626  INFO 50432 --- [    Test worker] account.AccountServiceApplication        : Started AccountServiceApplication in 3.552 seconds (JVM running for 77.797)
2022-02-15 11:07:27.639  INFO 50432 --- [io-28852-exec-1] o.a.c.c.C.[Tomcat].[localhost].[/]       : Initializing Spring DispatcherServlet 'dispatcherServlet'
2022-02-15 11:07:27.640  INFO 50432 --- [io-28852-exec-1] o.s.web.servlet.DispatcherServlet        : Initializing Servlet 'dispatcherServlet'
2022-02-15 11:07:27.646  INFO 50432 --- [io-28852-exec-1] o.s.web.servlet.DispatcherServlet        : Completed initialization in 6 ms
	at org.junit.Assert.fail(Assert.java:89)
	at org.hyperskill.hstest.stage.StageTest.start(StageTest.java:155)
	at java.base/jdk.internal.reflect.NativeMethodAccessorImpl.invoke0(Native Method)
	at java.base/jdk.internal.reflect.NativeMethodAccessorImpl.invoke(NativeMethodAccessorImpl.java:62)
	at java.base/jdk.internal.reflect.DelegatingMethodAccessorImpl.invoke(DelegatingMethodAccessorImpl.java:43)
	at java.base/java.lang.reflect.Method.invoke(Method.java:566)
	at org.junit.runners.model.FrameworkMethod$1.runReflectiveCall(FrameworkMethod.java:59)
	at org.junit.internal.runners.model.ReflectiveCallable.run(ReflectiveCallable.java:12)
	at org.junit.runners.model.FrameworkMethod.invokeExplosively(FrameworkMethod.java:56)
	at org.junit.internal.runners.statements.InvokeMethod.evaluate(InvokeMethod.java:17)
	at org.junit.internal.runners.statements.RunAfters.evaluate(RunAfters.java:27)
	at org.junit.runners.ParentRunner$3.evaluate(ParentRunner.java:306)
	at org.junit.runners.BlockJUnit4ClassRunner$1.evaluate(BlockJUnit4ClassRunner.java:100)
	at org.junit.runners.ParentRunner.runLeaf(ParentRunner.java:366)
	at org.junit.runners.BlockJUnit4ClassRunner.runChild(BlockJUnit4ClassRunner.java:103)
	at org.junit.runners.BlockJUnit4ClassRunner.runChild(BlockJUnit4ClassRunner.java:63)
	at org.junit.runners.ParentRunner$4.run(ParentRunner.java:331)
	at org.junit.runners.ParentRunner$1.schedule(ParentRunner.java:79)
	at org.junit.runners.ParentRunner.runChildren(ParentRunner.java:329)
	at org.junit.runners.ParentRunner.access$100(ParentRunner.java:66)
	at org.junit.runners.ParentRunner$2.evaluate(ParentRunner.java:293)
	at org.junit.runners.ParentRunner$3.evaluate(ParentRunner.java:306)
	at org.junit.runners.ParentRunner.run(ParentRunner.java:413)
	at org.gradle.api.internal.tasks.testing.junit.JUnitTestClassExecutor.runTestClass(JUnitTestClassExecutor.java:110)
	at org.gradle.api.internal.tasks.testing.junit.JUnitTestClassExecutor.execute(JUnitTestClassExecutor.java:58)
	at org.gradle.api.internal.tasks.testing.junit.JUnitTestClassExecutor.execute(JUnitTestClassExecutor.java:38)
	at org.gradle.api.internal.tasks.testing.junit.AbstractJUnitTestClassProcessor.processTestClass(AbstractJUnitTestClassProcessor.java:62)
	at org.gradle.api.internal.tasks.testing.SuiteTestClassProcessor.processTestClass(SuiteTestClassProcessor.java:51)
	at java.base/jdk.internal.reflect.NativeMethodAccessorImpl.invoke0(Native Method)
	at java.base/jdk.internal.reflect.NativeMethodAccessorImpl.invoke(NativeMethodAccessorImpl.java:62)
	at java.base/jdk.internal.reflect.DelegatingMethodAccessorImpl.invoke(DelegatingMethodAccessorImpl.java:43)
	at java.base/java.lang.reflect.Method.invoke(Method.java:566)
	at org.gradle.internal.dispatch.ReflectionDispatch.dispatch(ReflectionDispatch.java:36)
	at org.gradle.internal.dispatch.ReflectionDispatch.dispatch(ReflectionDispatch.java:24)
	at org.gradle.internal.dispatch.ContextClassLoaderDispatch.dispatch(ContextClassLoaderDispatch.java:33)
	at org.gradle.internal.dispatch.ProxyDispatchAdapter$DispatchingInvocationHandler.invoke(ProxyDispatchAdapter.java:94)
	at com.sun.proxy.$Proxy2.processTestClass(Unknown Source)
	at org.gradle.api.internal.tasks.testing.worker.TestWorker.processTestClass(TestWorker.java:119)
	at java.base/jdk.internal.reflect.NativeMethodAccessorImpl.invoke0(Native Method)
	at java.base/jdk.internal.reflect.NativeMethodAccessorImpl.invoke(NativeMethodAccessorImpl.java:62)
	at java.base/jdk.internal.reflect.DelegatingMethodAccessorImpl.invoke(DelegatingMethodAccessorImpl.java:43)
	at java.base/java.lang.reflect.Method.invoke(Method.java:566)
	at org.gradle.internal.dispatch.ReflectionDispatch.dispatch(ReflectionDispatch.java:36)
	at org.gradle.internal.dispatch.ReflectionDispatch.dispatch(ReflectionDispatch.java:24)
	at org.gradle.internal.remote.internal.hub.MessageHubBackedObjectConnection$DispatchWrapper.dispatch(MessageHubBackedObjectConnection.java:182)
	at org.gradle.internal.remote.internal.hub.MessageHubBackedObjectConnection$DispatchWrapper.dispatch(MessageHubBackedObjectConnection.java:164)
	at org.gradle.internal.remote.internal.hub.MessageHub$Handler.run(MessageHub.java:414)
	at org.gradle.internal.concurrent.ExecutorPolicy$CatchAndRecordFailures.onExecute(ExecutorPolicy.java:64)
	at org.gradle.internal.concurrent.ManagedExecutorImpl$1.run(ManagedExecutorImpl.java:48)
	at java.base/java.util.concurrent.ThreadPoolExecutor.runWorker(ThreadPoolExecutor.java:1128)
	at java.base/java.util.concurrent.ThreadPoolExecutor$Worker.run(ThreadPoolExecutor.java:628)
	at org.gradle.internal.concurrent.ThreadFactoryImpl$ManagedThreadRunnable.run(ThreadFactoryImpl.java:56)
	at java.base/java.lang.Thread.run(Thread.java:834)
</failure>
  </testcase>
  <system-out><![CDATA[?[1;31m
Start test 1?[0m

  .   ____          _            __ _ _
 /\\ / ___'_ __ _ _(_)_ __  __ _ \ \ \ \
( ( )\___ | '_ | '_| | '_ \/ _` | \ \ \ \
 \\/  ___)| |_)| | | | | || (_| |  ) ) ) )
  '  |____| .__|_| |_|_| |_\__, | / / / /
 =========|_|==============|___/=/_/_/_/
 :: Spring Boot ::        (v2.3.1.RELEASE)

2022-02-15 11:06:15.010  INFO 50432 --- [    Test worker] account.AccountServiceApplication        : Starting AccountServiceApplication on LAPTOP-75BR11H8 with PID 50432 (started by 1 in C:\Users\1\IdeaProjects\Account Service\Account Service\task)
2022-02-15 11:06:15.040  INFO 50432 --- [    Test worker] account.AccountServiceApplication        : No active profile set, falling back to default profiles: default
2022-02-15 11:06:19.452  INFO 50432 --- [    Test worker] .s.d.r.c.RepositoryConfigurationDelegate : Bootstrapping Spring Data JPA repositories in DEFERRED mode.
2022-02-15 11:06:19.800  INFO 50432 --- [    Test worker] .s.d.r.c.RepositoryConfigurationDelegate : Finished Spring Data repository scanning in 310ms. Found 3 JPA repository interfaces.
2022-02-15 11:06:22.137  INFO 50432 --- [    Test worker] o.s.b.w.embedded.tomcat.TomcatWebServer  : Tomcat initialized with port(s): 28852 (http)
2022-02-15 11:06:22.175  INFO 50432 --- [    Test worker] o.apache.catalina.core.StandardService   : Starting service [Tomcat]
2022-02-15 11:06:22.176  INFO 50432 --- [    Test worker] org.apache.catalina.core.StandardEngine  : Starting Servlet engine: [Apache Tomcat/9.0.36]
2022-02-15 11:06:22.681  INFO 50432 --- [    Test worker] o.a.c.c.C.[Tomcat].[localhost].[/]       : Initializing Spring embedded WebApplicationContext
2022-02-15 11:06:22.681  INFO 50432 --- [    Test worker] w.s.c.ServletWebServerApplicationContext : Root WebApplicationContext: initialization completed in 7296 ms
2022-02-15 11:06:23.645  INFO 50432 --- [    Test worker] o.s.s.concurrent.ThreadPoolTaskExecutor  : Initializing ExecutorService 'applicationTaskExecutor'
2022-02-15 11:06:23.889  INFO 50432 --- [         task-1] o.hibernate.jpa.internal.util.LogHelper  : HHH000204: Processing PersistenceUnitInfo [name: default]
2022-02-15 11:06:24.203  INFO 50432 --- [         task-1] org.hibernate.Version                    : HHH000412: Hibernate ORM core version 5.4.17.Final
2022-02-15 11:06:24.960  INFO 50432 --- [         task-1] o.hibernate.annotations.common.Version   : HCANN000001: Hibernate Commons Annotations {5.1.0.Final}
2022-02-15 11:06:25.405  INFO 50432 --- [         task-1] com.zaxxer.hikari.HikariDataSource       : HikariPool-1 - Starting...
2022-02-15 11:06:26.062  INFO 50432 --- [         task-1] com.zaxxer.hikari.HikariDataSource       : HikariPool-1 - Start completed.
2022-02-15 11:06:26.228  INFO 50432 --- [         task-1] org.hibernate.dialect.Dialect            : HHH000400: Using dialect: org.hibernate.dialect.H2Dialect
2022-02-15 11:06:29.260  INFO 50432 --- [         task-1] o.h.e.t.j.p.i.JtaPlatformInitiator       : HHH000490: Using JtaPlatform implementation: [org.hibernate.engine.transaction.jta.platform.internal.NoJtaPlatform]
2022-02-15 11:06:29.285  INFO 50432 --- [         task-1] j.LocalContainerEntityManagerFactoryBean : Initialized JPA EntityManagerFactory for persistence unit 'default'
2022-02-15 11:06:30.482  WARN 50432 --- [    Test worker] JpaBaseConfiguration$JpaWebConfiguration : spring.jpa.open-in-view is enabled by default. Therefore, database queries may be performed during view rendering. Explicitly configure spring.jpa.open-in-view to disable this warning
2022-02-15 11:06:32.157  INFO 50432 --- [    Test worker] o.s.b.a.e.web.EndpointLinksResolver      : Exposing 14 endpoint(s) beneath base path '/actuator'
2022-02-15 11:06:32.319  INFO 50432 --- [    Test worker] o.s.s.web.DefaultSecurityFilterChain     : Creating filter chain: any request, [org.springframework.security.web.context.request.async.WebAsyncManagerIntegrationFilter@33489b7c, org.springframework.security.web.context.SecurityContextPersistenceFilter@cfd51c2, org.springframework.security.web.header.HeaderWriterFilter@7196f6a6, org.springframework.security.web.authentication.logout.LogoutFilter@44268280, org.springframework.security.web.authentication.www.BasicAuthenticationFilter@1c695edc, org.springframework.security.web.savedrequest.RequestCacheAwareFilter@1475e127, org.springframework.security.web.servletapi.SecurityContextHolderAwareRequestFilter@4e350eaa, org.springframework.security.web.authentication.AnonymousAuthenticationFilter@4045736, org.springframework.security.web.session.SessionManagementFilter@7d984e35, org.springframework.security.web.access.ExceptionTranslationFilter@3e0ef171, org.springframework.security.web.access.intercept.FilterSecurityInterceptor@13252a17]
2022-02-15 11:06:33.134  INFO 50432 --- [    Test worker] o.s.b.w.embedded.tomcat.TomcatWebServer  : Tomcat started on port(s): 28852 (http) with context path ''
2022-02-15 11:06:33.138  INFO 50432 --- [    Test worker] DeferredRepositoryInitializationListener : Triggering deferred initialization of Spring Data repositories…
2022-02-15 11:06:33.248  INFO 50432 --- [    Test worker] DeferredRepositoryInitializationListener : Spring Data repositories initialized!
2022-02-15 11:06:33.278  INFO 50432 --- [    Test worker] account.AccountServiceApplication        : Started AccountServiceApplication in 19.995 seconds (JVM running for 23.45)
2022-02-15 11:06:34.377  INFO 50432 --- [io-28852-exec-1] o.a.c.c.C.[Tomcat].[localhost].[/]       : Initializing Spring DispatcherServlet 'dispatcherServlet'
2022-02-15 11:06:34.378  INFO 50432 --- [io-28852-exec-1] o.s.web.servlet.DispatcherServlet        : Initializing Servlet 'dispatcherServlet'
2022-02-15 11:06:34.401  INFO 50432 --- [io-28852-exec-1] o.s.web.servlet.DispatcherServlet        : Completed initialization in 22 ms
2022-02-15 11:06:34.800  WARN 50432 --- [io-28852-exec-1] .w.s.m.s.DefaultHandlerExceptionResolver : Resolved [org.springframework.web.bind.MethodArgumentNotValidException: Validation failed for argument [0] in public account.business.entities.dto.UserDTO account.presentation.AuthController.register(account.business.entities.dbentities.User): [Field error in object 'user' on field 'name': rejected value []; codes [NotBlank.user.name,NotBlank.name,NotBlank.java.lang.String,NotBlank]; arguments [org.springframework.context.support.DefaultMessageSourceResolvable: codes [user.name,name]; arguments []; default message [name]]; default message [Name is required]] ]
?[1;31m
Start test 2?[0m
2022-02-15 11:06:34.910  WARN 50432 --- [io-28852-exec-3] .w.s.m.s.DefaultHandlerExceptionResolver : Resolved [org.springframework.web.bind.MethodArgumentNotValidException: Validation failed for argument [0] in public account.business.entities.dto.UserDTO account.presentation.AuthController.register(account.business.entities.dbentities.User): [Field error in object 'user' on field 'name': rejected value [null]; codes [NotBlank.user.name,NotBlank.name,NotBlank.java.lang.String,NotBlank]; arguments [org.springframework.context.support.DefaultMessageSourceResolvable: codes [user.name,name]; arguments []; default message [name]]; default message [Name is required]] ]
?[1;31m
Start test 3?[0m
2022-02-15 11:06:34.945  WARN 50432 --- [io-28852-exec-2] .w.s.m.s.DefaultHandlerExceptionResolver : Resolved [org.springframework.web.bind.MethodArgumentNotValidException: Validation failed for argument [0] in public account.business.entities.dto.UserDTO account.presentation.AuthController.register(account.business.entities.dbentities.User): [Field error in object 'user' on field 'lastname': rejected value []; codes [NotBlank.user.lastname,NotBlank.lastname,NotBlank.java.lang.String,NotBlank]; arguments [org.springframework.context.support.DefaultMessageSourceResolvable: codes [user.lastname,lastname]; arguments []; default message [lastname]]; default message [Lastname is required]] ]
?[1;31m
Start test 4?[0m
2022-02-15 11:06:34.987  WARN 50432 --- [io-28852-exec-5] .w.s.m.s.DefaultHandlerExceptionResolver : Resolved [org.springframework.web.bind.MethodArgumentNotValidException: Validation failed for argument [0] in public account.business.entities.dto.UserDTO account.presentation.AuthController.register(account.business.entities.dbentities.User): [Field error in object 'user' on field 'lastname': rejected value [null]; codes [NotBlank.user.lastname,NotBlank.lastname,NotBlank.java.lang.String,NotBlank]; arguments [org.springframework.context.support.DefaultMessageSourceResolvable: codes [user.lastname,lastname]; arguments []; default message [lastname]]; default message [Lastname is required]] ]
?[1;31m
Start test 5?[0m
2022-02-15 11:06:35.027  WARN 50432 --- [io-28852-exec-4] .w.s.m.s.DefaultHandlerExceptionResolver : Resolved [org.springframework.web.bind.MethodArgumentNotValidException: Validation failed for argument [0] in public account.business.entities.dto.UserDTO account.presentation.AuthController.register(account.business.entities.dbentities.User) with 2 errors: [Field error in object 'user' on field 'email': rejected value []; codes [Pattern.user.email,Pattern.email,Pattern.java.lang.String,Pattern]; arguments [org.springframework.context.support.DefaultMessageSourceResolvable: codes [user.email,email]; arguments []; default message [email],[Ljavax.validation.constraints.Pattern$Flag;@275f0c2c,[a-zA-z0-9]+@acme\.com]; default message [Domain should be @acme.com]] [Field error in object 'user' on field 'email': rejected value []; codes [NotBlank.user.email,NotBlank.email,NotBlank.java.lang.String,NotBlank]; arguments [org.springframework.context.support.DefaultMessageSourceResolvable: codes [user.email,email]; arguments []; default message [email]]; default message [Email is required]] ]
?[1;31m
Start test 6?[0m
2022-02-15 11:06:35.060  WARN 50432 --- [io-28852-exec-6] .w.s.m.s.DefaultHandlerExceptionResolver : Resolved [org.springframework.web.bind.MethodArgumentNotValidException: Validation failed for argument [0] in public account.business.entities.dto.UserDTO account.presentation.AuthController.register(account.business.entities.dbentities.User): [Field error in object 'user' on field 'email': rejected value [null]; codes [NotBlank.user.email,NotBlank.email,NotBlank.java.lang.String,NotBlank]; arguments [org.springframework.context.support.DefaultMessageSourceResolvable: codes [user.email,email]; arguments []; default message [email]]; default message [Email is required]] ]
?[1;31m
Start test 7?[0m
2022-02-15 11:06:35.094  WARN 50432 --- [io-28852-exec-7] .w.s.m.s.DefaultHandlerExceptionResolver : Resolved [org.springframework.web.bind.MethodArgumentNotValidException: Validation failed for argument [0] in public account.business.entities.dto.UserDTO account.presentation.AuthController.register(account.business.entities.dbentities.User): [Field error in object 'user' on field 'password': rejected value []; codes [NotBlank.user.password,NotBlank.password,NotBlank.java.lang.String,NotBlank]; arguments [org.springframework.context.support.DefaultMessageSourceResolvable: codes [user.password,password]; arguments []; default message [password]]; default message [Password is required]] ]
?[1;31m
Start test 8?[0m
2022-02-15 11:06:35.127  WARN 50432 --- [io-28852-exec-8] .w.s.m.s.DefaultHandlerExceptionResolver : Resolved [org.springframework.web.bind.MethodArgumentNotValidException: Validation failed for argument [0] in public account.business.entities.dto.UserDTO account.presentation.AuthController.register(account.business.entities.dbentities.User): [Field error in object 'user' on field 'password': rejected value [null]; codes [NotBlank.user.password,NotBlank.password,NotBlank.java.lang.String,NotBlank]; arguments [org.springframework.context.support.DefaultMessageSourceResolvable: codes [user.password,password]; arguments []; default message [password]]; default message [Password is required]] ]
?[1;31m
Start test 9?[0m
2022-02-15 11:06:35.205  WARN 50432 --- [io-28852-exec-9] .w.s.m.s.DefaultHandlerExceptionResolver : Resolved [org.springframework.web.bind.MethodArgumentNotValidException: Validation failed for argument [0] in public account.business.entities.dto.UserDTO account.presentation.AuthController.register(account.business.entities.dbentities.User) with 2 errors: [Field error in object 'user' on field 'email': rejected value [johndoeacme.com]; codes [Pattern.user.email,Pattern.email,Pattern.java.lang.String,Pattern]; arguments [org.springframework.context.support.DefaultMessageSourceResolvable: codes [user.email,email]; arguments []; default message [email],[Ljavax.validation.constraints.Pattern$Flag;@275f0c2c,[a-zA-z0-9]+@acme\.com]; default message [Domain should be @acme.com]] [Field error in object 'user' on field 'email': rejected value [johndoeacme.com]; codes [Email.user.email,Email.email,Email.java.lang.String,Email]; arguments [org.springframework.context.support.DefaultMessageSourceResolvable: codes [user.email,email]; arguments []; default message [email],[Ljavax.validation.constraints.Pattern$Flag;@27b22c70,.*]; default message [must be a well-formed email address]] ]
?[1;31m
Start test 10?[0m
2022-02-15 11:06:35.238  WARN 50432 --- [o-28852-exec-10] .w.s.m.s.DefaultHandlerExceptionResolver : Resolved [org.springframework.web.bind.MethodArgumentNotValidException: Validation failed for argument [0] in public account.business.entities.dto.UserDTO account.presentation.AuthController.register(account.business.entities.dbentities.User): [Field error in object 'user' on field 'email': rejected value [johndoe@google.com]; codes [Pattern.user.email,Pattern.email,Pattern.java.lang.String,Pattern]; arguments [org.springframework.context.support.DefaultMessageSourceResolvable: codes [user.email,email]; arguments []; default message [email],[Ljavax.validation.constraints.Pattern$Flag;@275f0c2c,[a-zA-z0-9]+@acme\.com]; default message [Domain should be @acme.com]] ]
?[1;31m
Start test 11?[0m
?[1;31m
Start test 12?[0m
?[1;31m
Start test 13?[0m
?[1;31m
Start test 14?[0m
?[1;31m
Start test 15?[0m
?[1;31m
Start test 16?[0m
?[1;31m
Start test 17?[0m
?[1;31m
Start test 18?[0m
?[1;31m
Start test 19?[0m
?[1;31m
Start test 20?[0m
?[1;31m
Start test 21?[0m
?[1;31m
Start test 22?[0m
?[1;31m
Start test 23?[0m
?[1;31m
Start test 24?[0m
?[1;31m
Start test 25?[0m
?[1;31m
Start test 26?[0m
?[1;31m
Start test 27?[0m
?[1;31m
Start test 28?[0m
?[1;31m
Start test 29?[0m
?[1;31m
Start test 30?[0m
?[1;31m
Start test 31?[0m
?[1;31m
Start test 32?[0m
2022-02-15 11:07:23.708  INFO 50432 --- [     Thread-335] j.LocalContainerEntityManagerFactoryBean : Closing JPA EntityManagerFactory for persistence unit 'default'
2022-02-15 11:07:23.713  INFO 50432 --- [     Thread-335] o.s.s.concurrent.ThreadPoolTaskExecutor  : Shutting down ExecutorService 'applicationTaskExecutor'
2022-02-15 11:07:23.715  INFO 50432 --- [     Thread-335] com.zaxxer.hikari.HikariDataSource       : HikariPool-1 - Shutdown initiated...
2022-02-15 11:07:24.017  INFO 50432 --- [     Thread-335] com.zaxxer.hikari.HikariDataSource       : HikariPool-1 - Shutdown completed.

  .   ____          _            __ _ _
 /\\ / ___'_ __ _ _(_)_ __  __ _ \ \ \ \
( ( )\___ | '_ | '_| | '_ \/ _` | \ \ \ \
 \\/  ___)| |_)| | | | | || (_| |  ) ) ) )
  '  |____| .__|_| |_|_| |_\__, | / / / /
 =========|_|==============|___/=/_/_/_/
 :: Spring Boot ::        (v2.3.1.RELEASE)

2022-02-15 11:07:24.180  INFO 50432 --- [    Test worker] account.AccountServiceApplication        : Starting AccountServiceApplication on LAPTOP-75BR11H8 with PID 50432 (started by 1 in C:\Users\1\IdeaProjects\Account Service\Account Service\task)
2022-02-15 11:07:24.182  INFO 50432 --- [    Test worker] account.AccountServiceApplication        : No active profile set, falling back to default profiles: default
2022-02-15 11:07:25.426  INFO 50432 --- [    Test worker] .s.d.r.c.RepositoryConfigurationDelegate : Bootstrapping Spring Data JPA repositories in DEFERRED mode.
2022-02-15 11:07:25.516  INFO 50432 --- [    Test worker] .s.d.r.c.RepositoryConfigurationDelegate : Finished Spring Data repository scanning in 88ms. Found 3 JPA repository interfaces.
2022-02-15 11:07:25.859  INFO 50432 --- [    Test worker] o.s.b.w.embedded.tomcat.TomcatWebServer  : Tomcat initialized with port(s): 28852 (http)
2022-02-15 11:07:25.862  INFO 50432 --- [    Test worker] o.apache.catalina.core.StandardService   : Starting service [Tomcat]
2022-02-15 11:07:25.865  INFO 50432 --- [    Test worker] org.apache.catalina.core.StandardEngine  : Starting Servlet engine: [Apache Tomcat/9.0.36]
2022-02-15 11:07:25.986  INFO 50432 --- [    Test worker] o.a.c.c.C.[Tomcat].[localhost].[/]       : Initializing Spring embedded WebApplicationContext
2022-02-15 11:07:25.986  INFO 50432 --- [    Test worker] w.s.c.ServletWebServerApplicationContext : Root WebApplicationContext: initialization completed in 1795 ms
2022-02-15 11:07:26.209  INFO 50432 --- [    Test worker] o.s.s.concurrent.ThreadPoolTaskExecutor  : Initializing ExecutorService 'applicationTaskExecutor'
2022-02-15 11:07:26.243  INFO 50432 --- [         task-1] o.hibernate.jpa.internal.util.LogHelper  : HHH000204: Processing PersistenceUnitInfo [name: default]
2022-02-15 11:07:26.276  INFO 50432 --- [         task-1] com.zaxxer.hikari.HikariDataSource       : HikariPool-2 - Starting...
2022-02-15 11:07:26.315  INFO 50432 --- [         task-1] com.zaxxer.hikari.HikariDataSource       : HikariPool-2 - Start completed.
2022-02-15 11:07:26.316  INFO 50432 --- [         task-1] org.hibernate.dialect.Dialect            : HHH000400: Using dialect: org.hibernate.dialect.H2Dialect
2022-02-15 11:07:26.802  INFO 50432 --- [         task-1] o.h.e.t.j.p.i.JtaPlatformInitiator       : HHH000490: Using JtaPlatform implementation: [org.hibernate.engine.transaction.jta.platform.internal.NoJtaPlatform]
2022-02-15 11:07:26.804  INFO 50432 --- [         task-1] j.LocalContainerEntityManagerFactoryBean : Initialized JPA EntityManagerFactory for persistence unit 'default'
2022-02-15 11:07:26.887  WARN 50432 --- [    Test worker] o.h.engine.jdbc.spi.SqlExceptionHelper   : SQL Error: 23505, SQLState: 23505
2022-02-15 11:07:26.888 ERROR 50432 --- [    Test worker] o.h.engine.jdbc.spi.SqlExceptionHelper   : Unique index or primary key violation: "PUBLIC.UK_5978CXF729TP2L1WEDSNJY7CC_INDEX_4 ON PUBLIC.PRINCIPLE_GROUPS(NAME) VALUES 1"; SQL statement:
insert into principle_groups (name, id) values (?, ?) [23505-200]
2022-02-15 11:07:26.981  WARN 50432 --- [    Test worker] JpaBaseConfiguration$JpaWebConfiguration : spring.jpa.open-in-view is enabled by default. Therefore, database queries may be performed during view rendering. Explicitly configure spring.jpa.open-in-view to disable this warning
2022-02-15 11:07:27.337  INFO 50432 --- [    Test worker] o.s.b.a.e.web.EndpointLinksResolver      : Exposing 14 endpoint(s) beneath base path '/actuator'
2022-02-15 11:07:27.366  INFO 50432 --- [    Test worker] o.s.s.web.DefaultSecurityFilterChain     : Creating filter chain: any request, [org.springframework.security.web.context.request.async.WebAsyncManagerIntegrationFilter@6b7d4a77, org.springframework.security.web.context.SecurityContextPersistenceFilter@7b80c131, org.springframework.security.web.header.HeaderWriterFilter@30535464, org.springframework.security.web.authentication.logout.LogoutFilter@6cfdd2f0, org.springframework.security.web.authentication.www.BasicAuthenticationFilter@29d1e820, org.springframework.security.web.savedrequest.RequestCacheAwareFilter@bd9d611, org.springframework.security.web.servletapi.SecurityContextHolderAwareRequestFilter@2183437a, org.springframework.security.web.authentication.AnonymousAuthenticationFilter@169c7d86, org.springframework.security.web.session.SessionManagementFilter@24529d0e, org.springframework.security.web.access.ExceptionTranslationFilter@4566b9e1, org.springframework.security.web.access.intercept.FilterSecurityInterceptor@5226188b]
2022-02-15 11:07:27.546  INFO 50432 --- [    Test worker] o.s.b.w.embedded.tomcat.TomcatWebServer  : Tomcat started on port(s): 28852 (http) with context path ''
2022-02-15 11:07:27.549  INFO 50432 --- [    Test worker] DeferredRepositoryInitializationListener : Triggering deferred initialization of Spring Data repositories…
2022-02-15 11:07:27.612  INFO 50432 --- [    Test worker] DeferredRepositoryInitializationListener : Spring Data repositories initialized!
2022-02-15 11:07:27.626  INFO 50432 --- [    Test worker] account.AccountServiceApplication        : Started AccountServiceApplication in 3.552 seconds (JVM running for 77.797)
?[1;31m
Start test 33?[0m
2022-02-15 11:07:27.639  INFO 50432 --- [io-28852-exec-1] o.a.c.c.C.[Tomcat].[localhost].[/]       : Initializing Spring DispatcherServlet 'dispatcherServlet'
2022-02-15 11:07:27.640  INFO 50432 --- [io-28852-exec-1] o.s.web.servlet.DispatcherServlet        : Initializing Servlet 'dispatcherServlet'
2022-02-15 11:07:27.646  INFO 50432 --- [io-28852-exec-1] o.s.web.servlet.DispatcherServlet        : Completed initialization in 6 ms
?[1;31m
Start test 34?[0m
]]></system-out>
  <system-err><![CDATA[]]></system-err>
</testsuite>
