<?xml version="1.0" encoding="UTF-8"?>
<testsuite name="AccountServiceTest" tests="1" skipped="0" failures="0" errors="0" timestamp="2022-02-04T11:25:28" hostname="LAPTOP-75BR11H8" time="27.065">
  <properties/>
  <testcase name="start" classname="AccountServiceTest" time="27.065"/>
  <system-out><![CDATA[?[1;31m
Start test 1?[0m

  .   ____          _            __ _ _
 /\\ / ___'_ __ _ _(_)_ __  __ _ \ \ \ \
( ( )\___ | '_ | '_| | '_ \/ _` | \ \ \ \
 \\/  ___)| |_)| | | | | || (_| |  ) ) ) )
  '  |____| .__|_| |_|_| |_\__, | / / / /
 =========|_|==============|___/=/_/_/_/
 :: Spring Boot ::        (v2.3.1.RELEASE)

2022-02-04 14:25:31.306  INFO 75120 --- [    Test worker] account.AccountServiceApplication        : Starting AccountServiceApplication on LAPTOP-75BR11H8 with PID 75120 (started by 1 in C:\Users\1\IdeaProjects\Account Service\Account Service\task)
2022-02-04 14:25:31.323  INFO 75120 --- [    Test worker] account.AccountServiceApplication        : No active profile set, falling back to default profiles: default
2022-02-04 14:25:34.792  INFO 75120 --- [    Test worker] .s.d.r.c.RepositoryConfigurationDelegate : Bootstrapping Spring Data JPA repositories in DEFERRED mode.
2022-02-04 14:25:34.976  INFO 75120 --- [    Test worker] .s.d.r.c.RepositoryConfigurationDelegate : Finished Spring Data repository scanning in 160ms. Found 1 JPA repository interfaces.
2022-02-04 14:25:36.925  INFO 75120 --- [    Test worker] o.s.b.w.embedded.tomcat.TomcatWebServer  : Tomcat initialized with port(s): 28852 (http)
2022-02-04 14:25:36.947  INFO 75120 --- [    Test worker] o.apache.catalina.core.StandardService   : Starting service [Tomcat]
2022-02-04 14:25:36.948  INFO 75120 --- [    Test worker] org.apache.catalina.core.StandardEngine  : Starting Servlet engine: [Apache Tomcat/9.0.36]
2022-02-04 14:25:37.445  INFO 75120 --- [    Test worker] o.a.c.c.C.[Tomcat].[localhost].[/]       : Initializing Spring embedded WebApplicationContext
2022-02-04 14:25:37.446  INFO 75120 --- [    Test worker] w.s.c.ServletWebServerApplicationContext : Root WebApplicationContext: initialization completed in 5908 ms
2022-02-04 14:25:38.196  INFO 75120 --- [    Test worker] o.s.s.concurrent.ThreadPoolTaskExecutor  : Initializing ExecutorService 'applicationTaskExecutor'
2022-02-04 14:25:38.397  INFO 75120 --- [         task-1] o.hibernate.jpa.internal.util.LogHelper  : HHH000204: Processing PersistenceUnitInfo [name: default]
2022-02-04 14:25:38.517  WARN 75120 --- [    Test worker] JpaBaseConfiguration$JpaWebConfiguration : spring.jpa.open-in-view is enabled by default. Therefore, database queries may be performed during view rendering. Explicitly configure spring.jpa.open-in-view to disable this warning
2022-02-04 14:25:38.688  INFO 75120 --- [         task-1] org.hibernate.Version                    : HHH000412: Hibernate ORM core version 5.4.17.Final
2022-02-04 14:25:39.547  INFO 75120 --- [         task-1] o.hibernate.annotations.common.Version   : HCANN000001: Hibernate Commons Annotations {5.1.0.Final}
2022-02-04 14:25:40.114  INFO 75120 --- [         task-1] com.zaxxer.hikari.HikariDataSource       : HikariPool-1 - Starting...
2022-02-04 14:25:40.278  INFO 75120 --- [    Test worker] o.s.b.a.e.web.EndpointLinksResolver      : Exposing 14 endpoint(s) beneath base path '/actuator'
2022-02-04 14:25:40.492  INFO 75120 --- [    Test worker] o.s.s.web.DefaultSecurityFilterChain     : Creating filter chain: any request, [org.springframework.security.web.context.request.async.WebAsyncManagerIntegrationFilter@2cebcda3, org.springframework.security.web.context.SecurityContextPersistenceFilter@589c2b2, org.springframework.security.web.header.HeaderWriterFilter@44d2ee66, org.springframework.security.web.authentication.logout.LogoutFilter@254de84d, org.springframework.security.web.authentication.www.BasicAuthenticationFilter@2079c98b, org.springframework.security.web.savedrequest.RequestCacheAwareFilter@5a99658c, org.springframework.security.web.servletapi.SecurityContextHolderAwareRequestFilter@48e0a6bb, org.springframework.security.web.authentication.AnonymousAuthenticationFilter@5437aafd, org.springframework.security.web.session.SessionManagementFilter@325e5592, org.springframework.security.web.access.ExceptionTranslationFilter@5fc028d, org.springframework.security.web.access.intercept.FilterSecurityInterceptor@44b4e5ce]
2022-02-04 14:25:40.988  INFO 75120 --- [         task-1] com.zaxxer.hikari.HikariDataSource       : HikariPool-1 - Start completed.
2022-02-04 14:25:41.247  INFO 75120 --- [         task-1] org.hibernate.dialect.Dialect            : HHH000400: Using dialect: org.hibernate.dialect.H2Dialect
2022-02-04 14:25:43.848  INFO 75120 --- [         task-1] o.h.e.t.j.p.i.JtaPlatformInitiator       : HHH000490: Using JtaPlatform implementation: [org.hibernate.engine.transaction.jta.platform.internal.NoJtaPlatform]
2022-02-04 14:25:43.876  INFO 75120 --- [         task-1] j.LocalContainerEntityManagerFactoryBean : Initialized JPA EntityManagerFactory for persistence unit 'default'
2022-02-04 14:25:44.266  INFO 75120 --- [    Test worker] o.s.b.w.embedded.tomcat.TomcatWebServer  : Tomcat started on port(s): 28852 (http) with context path ''
2022-02-04 14:25:44.269  INFO 75120 --- [    Test worker] DeferredRepositoryInitializationListener : Triggering deferred initialization of Spring Data repositories…
2022-02-04 14:25:45.137  INFO 75120 --- [    Test worker] DeferredRepositoryInitializationListener : Spring Data repositories initialized!
2022-02-04 14:25:45.170  INFO 75120 --- [    Test worker] account.AccountServiceApplication        : Started AccountServiceApplication in 15.429 seconds (JVM running for 18.507)
2022-02-04 14:25:46.187  INFO 75120 --- [io-28852-exec-1] o.a.c.c.C.[Tomcat].[localhost].[/]       : Initializing Spring DispatcherServlet 'dispatcherServlet'
2022-02-04 14:25:46.187  INFO 75120 --- [io-28852-exec-1] o.s.web.servlet.DispatcherServlet        : Initializing Servlet 'dispatcherServlet'
2022-02-04 14:25:46.217  INFO 75120 --- [io-28852-exec-1] o.s.web.servlet.DispatcherServlet        : Completed initialization in 29 ms
?[1;31m
Start test 2?[0m
?[1;31m
Start test 3?[0m
?[1;31m
Start test 4?[0m
?[1;31m
Start test 5?[0m
?[1;31m
Start test 6?[0m
?[1;31m
Start test 7?[0m
?[1;31m
Start test 8?[0m
2022-02-04 14:25:49.018  WARN 75120 --- [o-28852-exec-10] .w.s.m.s.DefaultHandlerExceptionResolver : Resolved [org.springframework.web.bind.MethodArgumentNotValidException: Validation failed for argument [0] in public account.business.entities.User account.presentation.AuthController.register(account.business.entities.User): [Field error in object 'user' on field 'name': rejected value []; codes [NotBlank.user.name,NotBlank.name,NotBlank.java.lang.String,NotBlank]; arguments [org.springframework.context.support.DefaultMessageSourceResolvable: codes [user.name,name]; arguments []; default message [name]]; default message [Name is required]] ]
?[1;31m
Start test 9?[0m
2022-02-04 14:25:49.040  WARN 75120 --- [io-28852-exec-1] .w.s.m.s.DefaultHandlerExceptionResolver : Resolved [org.springframework.web.bind.MethodArgumentNotValidException: Validation failed for argument [0] in public account.business.entities.User account.presentation.AuthController.register(account.business.entities.User): [Field error in object 'user' on field 'name': rejected value [null]; codes [NotBlank.user.name,NotBlank.name,NotBlank.java.lang.String,NotBlank]; arguments [org.springframework.context.support.DefaultMessageSourceResolvable: codes [user.name,name]; arguments []; default message [name]]; default message [Name is required]] ]
?[1;31m
Start test 10?[0m
2022-02-04 14:25:49.062  WARN 75120 --- [io-28852-exec-2] .w.s.m.s.DefaultHandlerExceptionResolver : Resolved [org.springframework.web.bind.MethodArgumentNotValidException: Validation failed for argument [0] in public account.business.entities.User account.presentation.AuthController.register(account.business.entities.User): [Field error in object 'user' on field 'lastname': rejected value []; codes [NotBlank.user.lastname,NotBlank.lastname,NotBlank.java.lang.String,NotBlank]; arguments [org.springframework.context.support.DefaultMessageSourceResolvable: codes [user.lastname,lastname]; arguments []; default message [lastname]]; default message [Lastname is required]] ]
?[1;31m
Start test 11?[0m
2022-02-04 14:25:49.106  WARN 75120 --- [io-28852-exec-3] .w.s.m.s.DefaultHandlerExceptionResolver : Resolved [org.springframework.web.bind.MethodArgumentNotValidException: Validation failed for argument [0] in public account.business.entities.User account.presentation.AuthController.register(account.business.entities.User): [Field error in object 'user' on field 'lastname': rejected value [null]; codes [NotBlank.user.lastname,NotBlank.lastname,NotBlank.java.lang.String,NotBlank]; arguments [org.springframework.context.support.DefaultMessageSourceResolvable: codes [user.lastname,lastname]; arguments []; default message [lastname]]; default message [Lastname is required]] ]
?[1;31m
Start test 12?[0m
2022-02-04 14:25:49.137  WARN 75120 --- [io-28852-exec-4] .w.s.m.s.DefaultHandlerExceptionResolver : Resolved [org.springframework.web.bind.MethodArgumentNotValidException: Validation failed for argument [0] in public account.business.entities.User account.presentation.AuthController.register(account.business.entities.User) with 2 errors: [Field error in object 'user' on field 'email': rejected value []; codes [NotBlank.user.email,NotBlank.email,NotBlank.java.lang.String,NotBlank]; arguments [org.springframework.context.support.DefaultMessageSourceResolvable: codes [user.email,email]; arguments []; default message [email]]; default message [Email is required]] [Field error in object 'user' on field 'email': rejected value []; codes [Pattern.user.email,Pattern.email,Pattern.java.lang.String,Pattern]; arguments [org.springframework.context.support.DefaultMessageSourceResolvable: codes [user.email,email]; arguments []; default message [email],[Ljavax.validation.constraints.Pattern$Flag;@7c9a9c3f,[a-zA-z0-9]+@acme\.com]; default message [Domain should be @acme.com]] ]
?[1;31m
Start test 13?[0m
2022-02-04 14:25:49.165  WARN 75120 --- [io-28852-exec-5] .w.s.m.s.DefaultHandlerExceptionResolver : Resolved [org.springframework.web.bind.MethodArgumentNotValidException: Validation failed for argument [0] in public account.business.entities.User account.presentation.AuthController.register(account.business.entities.User): [Field error in object 'user' on field 'lastname': rejected value [null]; codes [NotBlank.user.lastname,NotBlank.lastname,NotBlank.java.lang.String,NotBlank]; arguments [org.springframework.context.support.DefaultMessageSourceResolvable: codes [user.lastname,lastname]; arguments []; default message [lastname]]; default message [Lastname is required]] ]
?[1;31m
Start test 14?[0m
2022-02-04 14:25:49.245  WARN 75120 --- [io-28852-exec-7] .w.s.m.s.DefaultHandlerExceptionResolver : Resolved [org.springframework.web.bind.MethodArgumentNotValidException: Validation failed for argument [0] in public account.business.entities.User account.presentation.AuthController.register(account.business.entities.User): [Field error in object 'user' on field 'password': rejected value []; codes [NotBlank.user.password,NotBlank.password,NotBlank.java.lang.String,NotBlank]; arguments [org.springframework.context.support.DefaultMessageSourceResolvable: codes [user.password,password]; arguments []; default message [password]]; default message [must not be blank]] ]
?[1;31m
Start test 15?[0m
2022-02-04 14:25:49.267  WARN 75120 --- [io-28852-exec-6] .w.s.m.s.DefaultHandlerExceptionResolver : Resolved [org.springframework.web.bind.MethodArgumentNotValidException: Validation failed for argument [0] in public account.business.entities.User account.presentation.AuthController.register(account.business.entities.User): [Field error in object 'user' on field 'password': rejected value [null]; codes [NotBlank.user.password,NotBlank.password,NotBlank.java.lang.String,NotBlank]; arguments [org.springframework.context.support.DefaultMessageSourceResolvable: codes [user.password,password]; arguments []; default message [password]]; default message [must not be blank]] ]
?[1;31m
Start test 16?[0m
2022-02-04 14:25:49.292  WARN 75120 --- [io-28852-exec-8] .w.s.m.s.DefaultHandlerExceptionResolver : Resolved [org.springframework.web.bind.MethodArgumentNotValidException: Validation failed for argument [0] in public account.business.entities.User account.presentation.AuthController.register(account.business.entities.User) with 2 errors: [Field error in object 'user' on field 'email': rejected value [johndoeacme.com]; codes [Pattern.user.email,Pattern.email,Pattern.java.lang.String,Pattern]; arguments [org.springframework.context.support.DefaultMessageSourceResolvable: codes [user.email,email]; arguments []; default message [email],[Ljavax.validation.constraints.Pattern$Flag;@7c9a9c3f,[a-zA-z0-9]+@acme\.com]; default message [Domain should be @acme.com]] [Field error in object 'user' on field 'email': rejected value [johndoeacme.com]; codes [Email.user.email,Email.email,Email.java.lang.String,Email]; arguments [org.springframework.context.support.DefaultMessageSourceResolvable: codes [user.email,email]; arguments []; default message [email],[Ljavax.validation.constraints.Pattern$Flag;@1c819372,.*]; default message [must be a well-formed email address]] ]
?[1;31m
Start test 17?[0m
2022-02-04 14:25:49.325  WARN 75120 --- [io-28852-exec-9] .w.s.m.s.DefaultHandlerExceptionResolver : Resolved [org.springframework.web.bind.MethodArgumentNotValidException: Validation failed for argument [0] in public account.business.entities.User account.presentation.AuthController.register(account.business.entities.User): [Field error in object 'user' on field 'email': rejected value [johndoe@google.com]; codes [Pattern.user.email,Pattern.email,Pattern.java.lang.String,Pattern]; arguments [org.springframework.context.support.DefaultMessageSourceResolvable: codes [user.email,email]; arguments []; default message [email],[Ljavax.validation.constraints.Pattern$Flag;@7c9a9c3f,[a-zA-z0-9]+@acme\.com]; default message [Domain should be @acme.com]] ]
?[1;31m
Start test 18?[0m
?[1;31m
Start test 19?[0m
?[1;31m
Start test 20?[0m
?[1;31m
Start test 21?[0m
?[1;31m
Start test 22?[0m
?[1;31m
Start test 23?[0m
?[1;31m
Start test 24?[0m
?[1;31m
Start test 25?[0m
?[1;31m
Start test 26?[0m
?[1;31m
Start test 27?[0m
?[1;31m
Start test 28?[0m
2022-02-04 14:25:51.743  INFO 75120 --- [     Thread-335] j.LocalContainerEntityManagerFactoryBean : Closing JPA EntityManagerFactory for persistence unit 'default'
2022-02-04 14:25:51.747  INFO 75120 --- [     Thread-335] o.s.s.concurrent.ThreadPoolTaskExecutor  : Shutting down ExecutorService 'applicationTaskExecutor'
2022-02-04 14:25:51.749  INFO 75120 --- [     Thread-335] com.zaxxer.hikari.HikariDataSource       : HikariPool-1 - Shutdown initiated...
2022-02-04 14:25:52.040  INFO 75120 --- [     Thread-335] com.zaxxer.hikari.HikariDataSource       : HikariPool-1 - Shutdown completed.

  .   ____          _            __ _ _
 /\\ / ___'_ __ _ _(_)_ __  __ _ \ \ \ \
( ( )\___ | '_ | '_| | '_ \/ _` | \ \ \ \
 \\/  ___)| |_)| | | | | || (_| |  ) ) ) )
  '  |____| .__|_| |_|_| |_\__, | / / / /
 =========|_|==============|___/=/_/_/_/
 :: Spring Boot ::        (v2.3.1.RELEASE)

2022-02-04 14:25:52.244  INFO 75120 --- [    Test worker] account.AccountServiceApplication        : Starting AccountServiceApplication on LAPTOP-75BR11H8 with PID 75120 (started by 1 in C:\Users\1\IdeaProjects\Account Service\Account Service\task)
2022-02-04 14:25:52.247  INFO 75120 --- [    Test worker] account.AccountServiceApplication        : No active profile set, falling back to default profiles: default
2022-02-04 14:25:53.506  INFO 75120 --- [    Test worker] .s.d.r.c.RepositoryConfigurationDelegate : Bootstrapping Spring Data JPA repositories in DEFERRED mode.
2022-02-04 14:25:53.543  INFO 75120 --- [    Test worker] .s.d.r.c.RepositoryConfigurationDelegate : Finished Spring Data repository scanning in 36ms. Found 1 JPA repository interfaces.
2022-02-04 14:25:53.847  INFO 75120 --- [    Test worker] o.s.b.w.embedded.tomcat.TomcatWebServer  : Tomcat initialized with port(s): 28852 (http)
2022-02-04 14:25:53.850  INFO 75120 --- [    Test worker] o.apache.catalina.core.StandardService   : Starting service [Tomcat]
2022-02-04 14:25:53.851  INFO 75120 --- [    Test worker] org.apache.catalina.core.StandardEngine  : Starting Servlet engine: [Apache Tomcat/9.0.36]
2022-02-04 14:25:54.033  INFO 75120 --- [    Test worker] o.a.c.c.C.[Tomcat].[localhost].[/]       : Initializing Spring embedded WebApplicationContext
2022-02-04 14:25:54.033  INFO 75120 --- [    Test worker] w.s.c.ServletWebServerApplicationContext : Root WebApplicationContext: initialization completed in 1770 ms
2022-02-04 14:25:54.272  INFO 75120 --- [    Test worker] o.s.s.concurrent.ThreadPoolTaskExecutor  : Initializing ExecutorService 'applicationTaskExecutor'
2022-02-04 14:25:54.287  INFO 75120 --- [         task-1] o.hibernate.jpa.internal.util.LogHelper  : HHH000204: Processing PersistenceUnitInfo [name: default]
2022-02-04 14:25:54.317  INFO 75120 --- [         task-1] com.zaxxer.hikari.HikariDataSource       : HikariPool-2 - Starting...
2022-02-04 14:25:54.353  INFO 75120 --- [         task-1] com.zaxxer.hikari.HikariDataSource       : HikariPool-2 - Start completed.
2022-02-04 14:25:54.362  INFO 75120 --- [         task-1] org.hibernate.dialect.Dialect            : HHH000400: Using dialect: org.hibernate.dialect.H2Dialect
2022-02-04 14:25:54.403  WARN 75120 --- [    Test worker] JpaBaseConfiguration$JpaWebConfiguration : spring.jpa.open-in-view is enabled by default. Therefore, database queries may be performed during view rendering. Explicitly configure spring.jpa.open-in-view to disable this warning
2022-02-04 14:25:54.608  INFO 75120 --- [         task-1] o.h.e.t.j.p.i.JtaPlatformInitiator       : HHH000490: Using JtaPlatform implementation: [org.hibernate.engine.transaction.jta.platform.internal.NoJtaPlatform]
2022-02-04 14:25:54.609  INFO 75120 --- [         task-1] j.LocalContainerEntityManagerFactoryBean : Initialized JPA EntityManagerFactory for persistence unit 'default'
2022-02-04 14:25:54.919  INFO 75120 --- [    Test worker] o.s.b.a.e.web.EndpointLinksResolver      : Exposing 14 endpoint(s) beneath base path '/actuator'
2022-02-04 14:25:54.949  INFO 75120 --- [    Test worker] o.s.s.web.DefaultSecurityFilterChain     : Creating filter chain: any request, [org.springframework.security.web.context.request.async.WebAsyncManagerIntegrationFilter@5d0ac529, org.springframework.security.web.context.SecurityContextPersistenceFilter@1d3bfcfd, org.springframework.security.web.header.HeaderWriterFilter@18709ccb, org.springframework.security.web.authentication.logout.LogoutFilter@61053f47, org.springframework.security.web.authentication.www.BasicAuthenticationFilter@6033aabf, org.springframework.security.web.savedrequest.RequestCacheAwareFilter@21c41e76, org.springframework.security.web.servletapi.SecurityContextHolderAwareRequestFilter@3dce4841, org.springframework.security.web.authentication.AnonymousAuthenticationFilter@1151b57, org.springframework.security.web.session.SessionManagementFilter@15f16742, org.springframework.security.web.access.ExceptionTranslationFilter@2653520e, org.springframework.security.web.access.intercept.FilterSecurityInterceptor@72b2135d]
2022-02-04 14:25:55.143  INFO 75120 --- [    Test worker] o.s.b.w.embedded.tomcat.TomcatWebServer  : Tomcat started on port(s): 28852 (http) with context path ''
2022-02-04 14:25:55.148  INFO 75120 --- [    Test worker] DeferredRepositoryInitializationListener : Triggering deferred initialization of Spring Data repositories…
2022-02-04 14:25:55.290  INFO 75120 --- [    Test worker] DeferredRepositoryInitializationListener : Spring Data repositories initialized!
2022-02-04 14:25:55.306  INFO 75120 --- [    Test worker] account.AccountServiceApplication        : Started AccountServiceApplication in 3.192 seconds (JVM running for 28.644)
?[1;31m
Start test 29?[0m
2022-02-04 14:25:55.323  INFO 75120 --- [io-28852-exec-1] o.a.c.c.C.[Tomcat].[localhost].[/]       : Initializing Spring DispatcherServlet 'dispatcherServlet'
2022-02-04 14:25:55.323  INFO 75120 --- [io-28852-exec-1] o.s.web.servlet.DispatcherServlet        : Initializing Servlet 'dispatcherServlet'
2022-02-04 14:25:55.333  INFO 75120 --- [io-28852-exec-1] o.s.web.servlet.DispatcherServlet        : Completed initialization in 10 ms
]]></system-out>
  <system-err><![CDATA[]]></system-err>
</testsuite>
